# JRE version: OpenJDK Runtime Environment Temurin-17.0.2+8 (17.0.2+8) (build 17.0.2+8)
# Java VM: OpenJDK 64-Bit Server VM Temurin-17.0.2+8 (17.0.2+8, mixed mode, emulated-client, tiered, compressed oops, compressed class ptrs, g1 gc, linux-amd64)
GC Precious Log:
 CPUs: 8 total, 8 available
 Memory: 15908M
 Large Page Support: Disabled
 NUMA Support: Disabled
 Compressed Oops: Enabled (Zero based)
 Heap Region Size: 2M
 Heap Min Capacity: 8M
 Heap Initial Capacity: 250M
 Heap Max Capacity: 3978M
 Pre-touch: Disabled
 Parallel Workers: 8
 Concurrent Workers: 2
 Concurrent Refinement Workers: 8
 Periodic GC: Disabled
Heap:
 garbage-first heap   total 81920K, used 26761K [0x0000000707600000, 0x0000000800000000)
  region size 2048K, 3 young (6144K), 2 survivors (4096K)
 Metaspace       used 70008K, committed 70464K, reserved 1114112K
  class space    used 9322K, committed 9536K, reserved 1048576K
GC Heap History (20 events):
Event: 1.601 GC heap before
{Heap before GC invocations=7 (full 0):
 garbage-first heap   total 153600K, used 100272K [0x0000000707600000, 0x0000000800000000)
  region size 2048K, 45 young (92160K), 1 survivors (2048K)
 Metaspace       used 31613K, committed 31936K, reserved 1081344K
  class space    used 3746K, committed 3904K, reserved 1048576K
}
Event: 1.604 GC heap after
{Heap after GC invocations=8 (full 0):
 garbage-first heap   total 153600K, used 12328K [0x0000000707600000, 0x0000000800000000)
  region size 2048K, 2 young (4096K), 2 survivors (4096K)
 Metaspace       used 31613K, committed 31936K, reserved 1081344K
  class space    used 3746K, committed 3904K, reserved 1048576K
}
Event: 2.042 GC heap before
{Heap before GC invocations=8 (full 0):
 garbage-first heap   total 153600K, used 65576K [0x0000000707600000, 0x0000000800000000)
  region size 2048K, 29 young (59392K), 2 survivors (4096K)
 Metaspace       used 35631K, committed 35968K, reserved 1081344K
  class space    used 4369K, committed 4544K, reserved 1048576K
}
Event: 2.048 GC heap after
{Heap after GC invocations=9 (full 0):
 garbage-first heap   total 153600K, used 14573K [0x0000000707600000, 0x0000000800000000)
  region size 2048K, 3 young (6144K), 3 survivors (6144K)
 Metaspace       used 35631K, committed 35968K, reserved 1081344K
  class space    used 4369K, committed 4544K, reserved 1048576K
}
Event: 2.303 GC heap before
{Heap before GC invocations=10 (full 0):
 garbage-first heap   total 61440K, used 51437K [0x0000000707600000, 0x0000000800000000)
  region size 2048K, 22 young (45056K), 3 survivors (6144K)
 Metaspace       used 38838K, committed 39232K, reserved 1089536K
  class space    used 4809K, committed 4992K, reserved 1048576K
}
Event: 2.311 GC heap after
{Heap after GC invocations=11 (full 0):
 garbage-first heap   total 63488K, used 16379K [0x0000000707600000, 0x0000000800000000)
  region size 2048K, 4 young (8192K), 4 survivors (8192K)
 Metaspace       used 38838K, committed 39232K, reserved 1089536K
  class space    used 4809K, committed 4992K, reserved 1048576K
}
Event: 2.330 GC heap before
{Heap before GC invocations=11 (full 0):
 garbage-first heap   total 63488K, used 18427K [0x0000000707600000, 0x0000000800000000)
  region size 2048K, 5 young (10240K), 4 survivors (8192K)
 Metaspace       used 38987K, committed 39360K, reserved 1089536K
  class space    used 4834K, committed 4992K, reserved 1048576K
}
Event: 2.333 GC heap after
{Heap after GC invocations=12 (full 0):
 garbage-first heap   total 63488K, used 17275K [0x0000000707600000, 0x0000000800000000)
  region size 2048K, 1 young (2048K), 1 survivors (2048K)
 Metaspace       used 38987K, committed 39360K, reserved 1089536K
  class space    used 4834K, committed 4992K, reserved 1048576K
}
Event: 2.477 GC heap before
{Heap before GC invocations=12 (full 0):
 garbage-first heap   total 63488K, used 43899K [0x0000000707600000, 0x0000000800000000)
  region size 2048K, 15 young (30720K), 1 survivors (2048K)
 Metaspace       used 41450K, committed 41792K, reserved 1089536K
  class space    used 5167K, committed 5312K, reserved 1048576K
}
Event: 2.478 GC heap after
{Heap after GC invocations=13 (full 0):
 garbage-first heap   total 159744K, used 17047K [0x0000000707600000, 0x0000000800000000)
  region size 2048K, 1 young (2048K), 1 survivors (2048K)
 Metaspace       used 41450K, committed 41792K, reserved 1089536K
  class space    used 5167K, committed 5312K, reserved 1048576K
}
Event: 3.062 GC heap before
{Heap before GC invocations=13 (full 0):
 garbage-first heap   total 159744K, used 109207K [0x0000000707600000, 0x0000000800000000)
  region size 2048K, 46 young (94208K), 1 survivors (2048K)
 Metaspace       used 52868K, committed 53248K, reserved 1097728K
  class space    used 6819K, committed 6976K, reserved 1048576K
}
Event: 3.065 GC heap after
{Heap after GC invocations=14 (full 0):
 garbage-first heap   total 159744K, used 19384K [0x0000000707600000, 0x0000000800000000)
  region size 2048K, 2 young (4096K), 2 survivors (4096K)
 Metaspace       used 52868K, committed 53248K, reserved 1097728K
  class space    used 6819K, committed 6976K, reserved 1048576K
}
Event: 3.487 GC heap before
{Heap before GC invocations=14 (full 0):
 garbage-first heap   total 159744K, used 101304K [0x0000000707600000, 0x0000000800000000)
  region size 2048K, 43 young (88064K), 2 survivors (4096K)
 Metaspace       used 59708K, committed 60096K, reserved 1105920K
  class space    used 7890K, committed 8064K, reserved 1048576K
}
Event: 3.491 GC heap after
{Heap after GC invocations=15 (full 0):
 garbage-first heap   total 159744K, used 21251K [0x0000000707600000, 0x0000000800000000)
  region size 2048K, 3 young (6144K), 3 survivors (6144K)
 Metaspace       used 59708K, committed 60096K, reserved 1105920K
  class space    used 7890K, committed 8064K, reserved 1048576K
}
Event: 3.795 GC heap before
{Heap before GC invocations=16 (full 0):
 garbage-first heap   total 81920K, used 70403K [0x0000000707600000, 0x0000000800000000)
  region size 2048K, 28 young (57344K), 3 survivors (6144K)
 Metaspace       used 63175K, committed 63552K, reserved 1105920K
  class space    used 8402K, committed 8576K, reserved 1048576K
}
Event: 3.799 GC heap after
{Heap after GC invocations=17 (full 0):
 garbage-first heap   total 81920K, used 23405K [0x0000000707600000, 0x0000000800000000)
  region size 2048K, 4 young (8192K), 4 survivors (8192K)
 Metaspace       used 63175K, committed 63552K, reserved 1105920K
  class space    used 8402K, committed 8576K, reserved 1048576K
}
Event: 4.047 GC heap before
{Heap before GC invocations=17 (full 0):
 garbage-first heap   total 81920K, used 64365K [0x0000000707600000, 0x0000000800000000)
  region size 2048K, 24 young (49152K), 4 survivors (8192K)
 Metaspace       used 66140K, committed 66560K, reserved 1114112K
  class space    used 8831K, committed 9024K, reserved 1048576K
}
Event: 4.051 GC heap after
{Heap after GC invocations=18 (full 0):
 garbage-first heap   total 81920K, used 25648K [0x0000000707600000, 0x0000000800000000)
  region size 2048K, 3 young (6144K), 3 survivors (6144K)
 Metaspace       used 66140K, committed 66560K, reserved 1114112K
  class space    used 8831K, committed 9024K, reserved 1048576K
}
Event: 61.079 GC heap before
{Heap before GC invocations=18 (full 0):
 garbage-first heap   total 81920K, used 64560K [0x0000000707600000, 0x0000000800000000)
  region size 2048K, 22 young (45056K), 3 survivors (6144K)
 Metaspace       used 69998K, committed 70464K, reserved 1114112K
  class space    used 9321K, committed 9536K, reserved 1048576K
}
Event: 61.086 GC heap after
{Heap after GC invocations=19 (full 0):
 garbage-first heap   total 81920K, used 26761K [0x0000000707600000, 0x0000000800000000)
  region size 2048K, 2 young (4096K), 2 survivors (4096K)
 Metaspace       used 69998K, committed 70464K, reserved 1114112K
  class space    used 9321K, committed 9536K, reserved 1048576K
}

